0 info it worked if it ends with ok
1 verbose cli [ '/Users/rbeaman/.nvm/versions/node/v4.0.0/bin/node',
1 verbose cli   '/Users/rbeaman/.nvm/versions/node/v4.0.0/bin/npm',
1 verbose cli   'publish' ]
2 info using npm@2.14.2
3 info using node@v4.0.0
4 verbose publish [ '.' ]
5 silly cache add args [ '.', null ]
6 verbose cache add spec .
7 silly cache add parsed spec Result {
7 silly cache add   raw: '.',
7 silly cache add   scope: null,
7 silly cache add   name: null,
7 silly cache add   rawSpec: '.',
7 silly cache add   spec: '/Users/rbeaman/projects/get-scrollbar-width',
7 silly cache add   type: 'directory' }
8 verbose addLocalDirectory /Users/rbeaman/.npm/get-scrollbar-width/1.0.2/package.tgz not in flight; packing
9 verbose tar pack [ '/Users/rbeaman/.npm/get-scrollbar-width/1.0.2/package.tgz',
9 verbose tar pack   '/Users/rbeaman/projects/get-scrollbar-width' ]
10 verbose tarball /Users/rbeaman/.npm/get-scrollbar-width/1.0.2/package.tgz
11 verbose folder /Users/rbeaman/projects/get-scrollbar-width
12 info prepublish get-scrollbar-width@1.0.2
13 verbose addLocalTarball adding from inside cache /Users/rbeaman/.npm/get-scrollbar-width/1.0.2/package.tgz
14 silly cache afterAdd get-scrollbar-width@1.0.2
15 verbose afterAdd /Users/rbeaman/.npm/get-scrollbar-width/1.0.2/package/package.json not in flight; writing
16 verbose afterAdd /Users/rbeaman/.npm/get-scrollbar-width/1.0.2/package/package.json written
17 silly publish { name: 'get-scrollbar-width',
17 silly publish   version: '1.0.2',
17 silly publish   description: 'utility function to determine the scrollbar width of the current browser, returns zero if running server-side',
17 silly publish   main: 'index.js',
17 silly publish   repository:
17 silly publish    { type: 'git',
17 silly publish      url: 'git+https://github.com/sirrodgepodge/get-scrollbar-width.git' },
17 silly publish   author: { name: 'sirRodgePodge' },
17 silly publish   license: 'MIT',
17 silly publish   bugs: { url: 'https://github.com/sirrodgepodge/get-scrollbar-width/issues' },
17 silly publish   homepage: 'https://github.com/sirrodgepodge/get-scrollbar-width#readme',
17 silly publish   readme: '# get-scrollbar-width\nUtility function to determine the scrollbar width of the current browser, returns zero if running server-side\n\nI find this utility function particularly useful when creating a modal that blocks scrolling to determine how much padding is needed to prevent nasty jank from scrollbar removal.\n\n```js\nvar getScrollbarWidth = require(\'get-scrollbar-width\');\n\nvar currentBrowserScrollbarWidth = getScrollbarWidth();\n\nconsole.log(currentBrowserScrollbarWidth); // value depends on browser, 15 pixels is common\n```\n\n[![NPM][nodei-image]][nodei-url]\n\n[nodei-image]: https://nodei.co/npm/get-scrollbar-width.png?downloads=true&downloadRank=true&stars=true\n[nodei-url]: https://www.npmjs.com/package/get-scrollbar-width\n',
17 silly publish   readmeFilename: 'README.md',
17 silly publish   gitHead: '41acffaac27992ea6e830dec1c9aec2f14e98421',
17 silly publish   _id: 'get-scrollbar-width@1.0.2',
17 silly publish   scripts: {},
17 silly publish   _shasum: '96b35cd9729a19bd6003b7b9dd4615fd34f63d72',
17 silly publish   _from: '.' }
18 verbose getPublishConfig undefined
19 silly mapToRegistry name get-scrollbar-width
20 silly mapToRegistry using default registry
21 silly mapToRegistry registry https://registry.npmjs.org/
22 silly mapToRegistry uri https://registry.npmjs.org/get-scrollbar-width
23 verbose publish registryBase https://registry.npmjs.org/
24 silly publish uploading /Users/rbeaman/.npm/get-scrollbar-width/1.0.2/package.tgz
25 verbose request uri https://registry.npmjs.org/get-scrollbar-width
26 verbose request sending authorization for write operation
27 info attempt registry request try #1 at 11:09:34 PM
28 verbose request using bearer token for auth
29 verbose request id a4eb62880823cd3b
30 http request PUT https://registry.npmjs.org/get-scrollbar-width
31 http 403 https://registry.npmjs.org/get-scrollbar-width
32 verbose headers { 'content-type': 'application/json',
32 verbose headers   'cache-control': 'max-age=300',
32 verbose headers   'content-length': '95',
32 verbose headers   'accept-ranges': 'bytes',
32 verbose headers   date: 'Sat, 11 Jun 2016 03:09:36 GMT',
32 verbose headers   via: '1.1 varnish',
32 verbose headers   connection: 'keep-alive',
32 verbose headers   'x-served-by': 'cache-iad2127-IAD',
32 verbose headers   'x-cache': 'MISS',
32 verbose headers   'x-cache-hits': '0',
32 verbose headers   'x-timer': 'S1465614575.023550,VS0,VE1073',
32 verbose headers   vary: 'Accept-Encoding' }
33 verbose request invalidating /Users/rbeaman/.npm/registry.npmjs.org/get-scrollbar-width on PUT
34 error publish Failed PUT 403
35 verbose stack Error: "You cannot publish over the previously published version 1.0.2." : get-scrollbar-width
35 verbose stack     at makeError (/Users/rbeaman/.nvm/versions/node/v4.0.0/lib/node_modules/npm/node_modules/npm-registry-client/lib/request.js:263:12)
35 verbose stack     at CachingRegistryClient.<anonymous> (/Users/rbeaman/.nvm/versions/node/v4.0.0/lib/node_modules/npm/node_modules/npm-registry-client/lib/request.js:251:14)
35 verbose stack     at Request._callback (/Users/rbeaman/.nvm/versions/node/v4.0.0/lib/node_modules/npm/node_modules/npm-registry-client/lib/request.js:171:14)
35 verbose stack     at Request.self.callback (/Users/rbeaman/.nvm/versions/node/v4.0.0/lib/node_modules/npm/node_modules/request/request.js:198:22)
35 verbose stack     at emitTwo (events.js:87:13)
35 verbose stack     at Request.emit (events.js:172:7)
35 verbose stack     at Request.<anonymous> (/Users/rbeaman/.nvm/versions/node/v4.0.0/lib/node_modules/npm/node_modules/request/request.js:1073:14)
35 verbose stack     at emitOne (events.js:82:20)
35 verbose stack     at Request.emit (events.js:169:7)
35 verbose stack     at IncomingMessage.<anonymous> (/Users/rbeaman/.nvm/versions/node/v4.0.0/lib/node_modules/npm/node_modules/request/request.js:1019:12)
36 verbose statusCode 403
37 verbose pkgid get-scrollbar-width
38 verbose cwd /Users/rbeaman/projects/get-scrollbar-width
39 error Darwin 15.4.0
40 error argv "/Users/rbeaman/.nvm/versions/node/v4.0.0/bin/node" "/Users/rbeaman/.nvm/versions/node/v4.0.0/bin/npm" "publish"
41 error node v4.0.0
42 error npm  v2.14.2
43 error code E403
44 error "You cannot publish over the previously published version 1.0.2." : get-scrollbar-width
45 error If you need help, you may report this error at:
45 error     <https://github.com/npm/npm/issues>
46 verbose exit [ 1, true ]
